2025-02-03 17:17:36,416 - INFO - Account info: {'name': 'Nathan Njihia', 'number': 511517087, 'currency': 'USD', 'leverage': 400, 'free_margin': 10643.81, 'balance': 10643.81, 'equity': 10643.81}
2025-02-03 17:17:36,431 - INFO - Adding job tentatively -- it will be properly scheduled when the scheduler starts
2025-02-03 17:17:36,432 - INFO - Adding job tentatively -- it will be properly scheduled when the scheduler starts
2025-02-03 17:17:36,439 - INFO - Added job "ScalpingStrategy.run_strategy" to job store "default"
2025-02-03 17:17:36,441 - INFO - Added job "ScalpingStrategy.optimize_parameters" to job store "default"
2025-02-03 17:17:36,441 - INFO - Scheduler started
2025-02-03 17:17:41,052 - INFO - Received historic data for XAUUSD M5
2025-02-03 17:20:00,004 - INFO - Running job "ScalpingStrategy.run_strategy (trigger: cron[day_of_week='mon-fri', hour='6-21', minute='*/5'], next run at: 2025-02-03 14:20:00 UTC)" (scheduled at 2025-02-03 14:20:00+00:00)
2025-02-03 17:20:00,006 - INFO - Job "ScalpingStrategy.run_strategy (trigger: cron[day_of_week='mon-fri', hour='6-21', minute='*/5'], next run at: 2025-02-03 14:20:00 UTC)" executed successfully
2025-02-03 17:25:00,016 - INFO - Running job "ScalpingStrategy.run_strategy (trigger: cron[day_of_week='mon-fri', hour='6-21', minute='*/5'], next run at: 2025-02-03 14:30:00 UTC)" (scheduled at 2025-02-03 14:25:00+00:00)
2025-02-03 17:25:00,018 - INFO - Job "ScalpingStrategy.run_strategy (trigger: cron[day_of_week='mon-fri', hour='6-21', minute='*/5'], next run at: 2025-02-03 14:30:00 UTC)" executed successfully
2025-02-03 17:30:00,009 - INFO - Running job "ScalpingStrategy.run_strategy (trigger: cron[day_of_week='mon-fri', hour='6-21', minute='*/5'], next run at: 2025-02-03 14:35:00 UTC)" (scheduled at 2025-02-03 14:30:00+00:00)
2025-02-03 17:30:00,012 - INFO - Job "ScalpingStrategy.run_strategy (trigger: cron[day_of_week='mon-fri', hour='6-21', minute='*/5'], next run at: 2025-02-03 14:35:00 UTC)" executed successfully
2025-02-03 17:51:28,925 - INFO - Account info: {'name': 'Nathan Njihia', 'number': 511517087, 'currency': 'USD', 'leverage': 400, 'free_margin': 10643.81, 'balance': 10643.81, 'equity': 10643.81}
2025-02-03 17:51:28,966 - INFO - Adding job tentatively -- it will be properly scheduled when the scheduler starts
2025-02-03 17:51:28,966 - INFO - Adding job tentatively -- it will be properly scheduled when the scheduler starts
2025-02-03 17:51:28,971 - INFO - Added job "ScalpingStrategy.run_strategy" to job store "default"
2025-02-03 17:51:28,972 - INFO - Added job "ScalpingStrategy.optimize_parameters" to job store "default"
2025-02-03 17:51:28,972 - INFO - Scheduler started
2025-02-03 17:51:30,537 - INFO - DWX INFO: {'type': 'INFO', 'time': '2025.02.03 14:51:28', 'message': 'Successfully subscribed to: XAUUSD'}
2025-02-03 17:51:30,537 - INFO - DWX INFO: {'type': 'INFO', 'time': '2025.02.03 14:51:30', 'message': 'Successfully subscribed to bar data: XAUUSD,M5'}
2025-02-03 17:51:31,014 - INFO - DWX INFO: {'type': 'INFO', 'time': '2025.02.03 14:51:31', 'message': 'Successfully read historic data for XAUUSD_M5.'}
2025-02-03 17:51:31,031 - INFO - Received historic data for XAUUSD M5
2025-02-03 17:55:00,004 - INFO - Running job "ScalpingStrategy.run_strategy (trigger: cron[day_of_week='mon-fri', hour='6-21', minute='*/5'], next run at: 2025-02-03 14:55:00 UTC)" (scheduled at 2025-02-03 14:55:00+00:00)
2025-02-03 17:55:00,009 - INFO - Job "ScalpingStrategy.run_strategy (trigger: cron[day_of_week='mon-fri', hour='6-21', minute='*/5'], next run at: 2025-02-03 15:00:00 UTC)" executed successfully
2025-02-03 18:00:00,004 - INFO - Running job "ScalpingStrategy.run_strategy (trigger: cron[day_of_week='mon-fri', hour='6-21', minute='*/5'], next run at: 2025-02-03 15:05:00 UTC)" (scheduled at 2025-02-03 15:00:00+00:00)
2025-02-03 18:00:00,006 - WARNING - Spread too wide: 1.44000
2025-02-03 18:00:00,007 - INFO - Job "ScalpingStrategy.run_strategy (trigger: cron[day_of_week='mon-fri', hour='6-21', minute='*/5'], next run at: 2025-02-03 15:05:00 UTC)" executed successfully
2025-02-03 18:05:00,006 - INFO - Running job "ScalpingStrategy.run_strategy (trigger: cron[day_of_week='mon-fri', hour='6-21', minute='*/5'], next run at: 2025-02-03 15:10:00 UTC)" (scheduled at 2025-02-03 15:05:00+00:00)
2025-02-03 18:05:00,017 - INFO - Job "ScalpingStrategy.run_strategy (trigger: cron[day_of_week='mon-fri', hour='6-21', minute='*/5'], next run at: 2025-02-03 15:10:00 UTC)" executed successfully
2025-02-03 18:10:00,002 - INFO - Running job "ScalpingStrategy.run_strategy (trigger: cron[day_of_week='mon-fri', hour='6-21', minute='*/5'], next run at: 2025-02-03 15:15:00 UTC)" (scheduled at 2025-02-03 15:10:00+00:00)
2025-02-03 18:10:00,004 - INFO - Job "ScalpingStrategy.run_strategy (trigger: cron[day_of_week='mon-fri', hour='6-21', minute='*/5'], next run at: 2025-02-03 15:15:00 UTC)" executed successfully
2025-02-03 18:15:00,004 - INFO - Running job "ScalpingStrategy.run_strategy (trigger: cron[day_of_week='mon-fri', hour='6-21', minute='*/5'], next run at: 2025-02-03 15:20:00 UTC)" (scheduled at 2025-02-03 15:15:00+00:00)
2025-02-03 18:15:00,053 - INFO - Executed buy 3.90 lots @2826.71 SL:2823.98 TP:2830.80
2025-02-03 18:15:00,055 - INFO - Job "ScalpingStrategy.run_strategy (trigger: cron[day_of_week='mon-fri', hour='6-21', minute='*/5'], next run at: 2025-02-03 15:20:00 UTC)" executed successfully
2025-02-03 18:15:00,410 - ERROR - DWX ERROR: {'type': 'ERROR', 'time': '2025.02.03 15:15:00', 'error_type': 'OPEN_ORDER_LOTSIZE_TOO_LARGE', 'description': 'Lot size (3.90) larger than MaximumLotSize (0.01).'}
2025-02-03 18:18:12,507 - INFO - Account info: {'name': 'Nathan Njihia', 'number': 511517087, 'currency': 'USD', 'leverage': 400, 'free_margin': 10643.81, 'balance': 10643.81, 'equity': 10643.81}
2025-02-03 18:18:12,527 - INFO - Adding job tentatively -- it will be properly scheduled when the scheduler starts
2025-02-03 18:18:12,529 - INFO - Adding job tentatively -- it will be properly scheduled when the scheduler starts
2025-02-03 18:18:12,540 - INFO - Added job "ScalpingStrategy.run_strategy" to job store "default"
2025-02-03 18:18:12,542 - INFO - Added job "ScalpingStrategy.optimize_parameters" to job store "default"
2025-02-03 18:18:12,544 - INFO - Scheduler started
2025-02-03 18:18:12,965 - INFO - DWX INFO: {'type': 'INFO', 'time': '2025.02.03 15:18:12', 'message': 'Successfully subscribed to: XAUUSD'}
2025-02-03 18:18:19,856 - INFO - DWX INFO: {'type': 'INFO', 'time': '2025.02.03 15:18:19', 'message': 'Successfully subscribed to bar data: XAUUSD,M5'}
2025-02-03 18:18:21,994 - INFO - Received historic data for XAUUSD M5
2025-02-03 18:20:00,004 - INFO - Running job "ScalpingStrategy.run_strategy (trigger: cron[day_of_week='mon-fri', hour='6-21', minute='*/5'], next run at: 2025-02-03 15:20:00 UTC)" (scheduled at 2025-02-03 15:20:00+00:00)
2025-02-03 18:20:00,007 - INFO - Job "ScalpingStrategy.run_strategy (trigger: cron[day_of_week='mon-fri', hour='6-21', minute='*/5'], next run at: 2025-02-03 15:25:00 UTC)" executed successfully
2025-02-03 18:25:00,001 - INFO - Running job "ScalpingStrategy.run_strategy (trigger: cron[day_of_week='mon-fri', hour='6-21', minute='*/5'], next run at: 2025-02-03 15:30:00 UTC)" (scheduled at 2025-02-03 15:25:00+00:00)
2025-02-03 18:25:00,005 - INFO - Job "ScalpingStrategy.run_strategy (trigger: cron[day_of_week='mon-fri', hour='6-21', minute='*/5'], next run at: 2025-02-03 15:30:00 UTC)" executed successfully
2025-02-03 18:30:00,004 - INFO - Running job "ScalpingStrategy.run_strategy (trigger: cron[day_of_week='mon-fri', hour='6-21', minute='*/5'], next run at: 2025-02-03 15:35:00 UTC)" (scheduled at 2025-02-03 15:30:00+00:00)
2025-02-03 18:30:00,008 - INFO - Job "ScalpingStrategy.run_strategy (trigger: cron[day_of_week='mon-fri', hour='6-21', minute='*/5'], next run at: 2025-02-03 15:35:00 UTC)" executed successfully
2025-02-03 18:35:00,002 - INFO - Running job "ScalpingStrategy.run_strategy (trigger: cron[day_of_week='mon-fri', hour='6-21', minute='*/5'], next run at: 2025-02-03 15:40:00 UTC)" (scheduled at 2025-02-03 15:35:00+00:00)
2025-02-03 18:35:00,311 - INFO - Job "ScalpingStrategy.run_strategy (trigger: cron[day_of_week='mon-fri', hour='6-21', minute='*/5'], next run at: 2025-02-03 15:40:00 UTC)" executed successfully
2025-02-03 18:40:00,001 - INFO - Running job "ScalpingStrategy.run_strategy (trigger: cron[day_of_week='mon-fri', hour='6-21', minute='*/5'], next run at: 2025-02-03 15:45:00 UTC)" (scheduled at 2025-02-03 15:40:00+00:00)
2025-02-03 18:40:00,004 - INFO - Job "ScalpingStrategy.run_strategy (trigger: cron[day_of_week='mon-fri', hour='6-21', minute='*/5'], next run at: 2025-02-03 15:45:00 UTC)" executed successfully
2025-02-03 18:45:00,005 - INFO - Running job "ScalpingStrategy.run_strategy (trigger: cron[day_of_week='mon-fri', hour='6-21', minute='*/5'], next run at: 2025-02-03 15:50:00 UTC)" (scheduled at 2025-02-03 15:45:00+00:00)
2025-02-03 18:45:00,013 - WARNING - Spread too wide: 0.63000
2025-02-03 18:45:00,014 - INFO - Job "ScalpingStrategy.run_strategy (trigger: cron[day_of_week='mon-fri', hour='6-21', minute='*/5'], next run at: 2025-02-03 15:50:00 UTC)" executed successfully
2025-02-03 18:50:00,013 - INFO - Running job "ScalpingStrategy.run_strategy (trigger: cron[day_of_week='mon-fri', hour='6-21', minute='*/5'], next run at: 2025-02-03 15:55:00 UTC)" (scheduled at 2025-02-03 15:50:00+00:00)
2025-02-03 18:50:00,015 - INFO - Job "ScalpingStrategy.run_strategy (trigger: cron[day_of_week='mon-fri', hour='6-21', minute='*/5'], next run at: 2025-02-03 15:55:00 UTC)" executed successfully
2025-02-03 18:55:00,013 - INFO - Running job "ScalpingStrategy.run_strategy (trigger: cron[day_of_week='mon-fri', hour='6-21', minute='*/5'], next run at: 2025-02-03 16:00:00 UTC)" (scheduled at 2025-02-03 15:55:00+00:00)
2025-02-03 18:55:00,015 - INFO - Job "ScalpingStrategy.run_strategy (trigger: cron[day_of_week='mon-fri', hour='6-21', minute='*/5'], next run at: 2025-02-03 16:00:00 UTC)" executed successfully
2025-02-03 19:04:15,201 - INFO - Running job "ScalpingStrategy.run_strategy (trigger: cron[day_of_week='mon-fri', hour='6-21', minute='*/5'], next run at: 2025-02-03 16:05:00 UTC)" (scheduled at 2025-02-03 16:00:00+00:00)
2025-02-03 19:04:15,209 - WARNING - Spread too wide: 0.69000
2025-02-03 19:04:15,210 - INFO - Job "ScalpingStrategy.run_strategy (trigger: cron[day_of_week='mon-fri', hour='6-21', minute='*/5'], next run at: 2025-02-03 16:05:00 UTC)" executed successfully
2025-02-03 19:05:00,006 - INFO - Running job "ScalpingStrategy.run_strategy (trigger: cron[day_of_week='mon-fri', hour='6-21', minute='*/5'], next run at: 2025-02-03 16:10:00 UTC)" (scheduled at 2025-02-03 16:05:00+00:00)
2025-02-03 19:05:00,012 - INFO - Job "ScalpingStrategy.run_strategy (trigger: cron[day_of_week='mon-fri', hour='6-21', minute='*/5'], next run at: 2025-02-03 16:10:00 UTC)" executed successfully
2025-02-03 19:10:00,004 - INFO - Running job "ScalpingStrategy.run_strategy (trigger: cron[day_of_week='mon-fri', hour='6-21', minute='*/5'], next run at: 2025-02-03 16:15:00 UTC)" (scheduled at 2025-02-03 16:10:00+00:00)
2025-02-03 19:10:00,013 - INFO - Job "ScalpingStrategy.run_strategy (trigger: cron[day_of_week='mon-fri', hour='6-21', minute='*/5'], next run at: 2025-02-03 16:15:00 UTC)" executed successfully
2025-02-03 19:15:00,006 - INFO - Running job "ScalpingStrategy.run_strategy (trigger: cron[day_of_week='mon-fri', hour='6-21', minute='*/5'], next run at: 2025-02-03 16:20:00 UTC)" (scheduled at 2025-02-03 16:15:00+00:00)
2025-02-03 19:15:00,014 - INFO - Job "ScalpingStrategy.run_strategy (trigger: cron[day_of_week='mon-fri', hour='6-21', minute='*/5'], next run at: 2025-02-03 16:20:00 UTC)" executed successfully
2025-02-03 19:20:00,009 - INFO - Running job "ScalpingStrategy.run_strategy (trigger: cron[day_of_week='mon-fri', hour='6-21', minute='*/5'], next run at: 2025-02-03 16:25:00 UTC)" (scheduled at 2025-02-03 16:20:00+00:00)
2025-02-03 19:20:00,020 - INFO - Job "ScalpingStrategy.run_strategy (trigger: cron[day_of_week='mon-fri', hour='6-21', minute='*/5'], next run at: 2025-02-03 16:25:00 UTC)" executed successfully
2025-02-03 19:25:00,010 - INFO - Running job "ScalpingStrategy.run_strategy (trigger: cron[day_of_week='mon-fri', hour='6-21', minute='*/5'], next run at: 2025-02-03 16:30:00 UTC)" (scheduled at 2025-02-03 16:25:00+00:00)
2025-02-03 19:25:00,018 - INFO - Job "ScalpingStrategy.run_strategy (trigger: cron[day_of_week='mon-fri', hour='6-21', minute='*/5'], next run at: 2025-02-03 16:30:00 UTC)" executed successfully
2025-02-03 19:30:00,007 - INFO - Running job "ScalpingStrategy.run_strategy (trigger: cron[day_of_week='mon-fri', hour='6-21', minute='*/5'], next run at: 2025-02-03 16:35:00 UTC)" (scheduled at 2025-02-03 16:30:00+00:00)
2025-02-03 19:30:00,017 - INFO - Job "ScalpingStrategy.run_strategy (trigger: cron[day_of_week='mon-fri', hour='6-21', minute='*/5'], next run at: 2025-02-03 16:35:00 UTC)" executed successfully
2025-02-03 19:35:00,008 - INFO - Running job "ScalpingStrategy.run_strategy (trigger: cron[day_of_week='mon-fri', hour='6-21', minute='*/5'], next run at: 2025-02-03 16:40:00 UTC)" (scheduled at 2025-02-03 16:35:00+00:00)
2025-02-03 19:35:00,017 - WARNING - Spread too wide: 0.53000
2025-02-03 19:35:00,019 - INFO - Job "ScalpingStrategy.run_strategy (trigger: cron[day_of_week='mon-fri', hour='6-21', minute='*/5'], next run at: 2025-02-03 16:40:00 UTC)" executed successfully
2025-02-03 19:40:00,007 - INFO - Running job "ScalpingStrategy.run_strategy (trigger: cron[day_of_week='mon-fri', hour='6-21', minute='*/5'], next run at: 2025-02-03 16:45:00 UTC)" (scheduled at 2025-02-03 16:40:00+00:00)
2025-02-03 19:40:00,015 - INFO - Job "ScalpingStrategy.run_strategy (trigger: cron[day_of_week='mon-fri', hour='6-21', minute='*/5'], next run at: 2025-02-03 16:45:00 UTC)" executed successfully
2025-02-03 19:45:00,018 - INFO - Running job "ScalpingStrategy.run_strategy (trigger: cron[day_of_week='mon-fri', hour='6-21', minute='*/5'], next run at: 2025-02-03 16:50:00 UTC)" (scheduled at 2025-02-03 16:45:00+00:00)
2025-02-03 19:45:00,035 - INFO - Job "ScalpingStrategy.run_strategy (trigger: cron[day_of_week='mon-fri', hour='6-21', minute='*/5'], next run at: 2025-02-03 16:50:00 UTC)" executed successfully
2025-02-04 15:00:25,568 - INFO - Account info: {'name': 'Nathan Njihia', 'number': 511517087, 'currency': 'USD', 'leverage': 400, 'free_margin': 10643.81, 'balance': 10643.81, 'equity': 10643.81}
2025-02-04 15:00:25,625 - INFO - Adding job tentatively -- it will be properly scheduled when the scheduler starts
2025-02-04 15:00:25,626 - INFO - Adding job tentatively -- it will be properly scheduled when the scheduler starts
2025-02-04 15:00:25,634 - INFO - Added job "ScalpingStrategy.run_strategy" to job store "default"
2025-02-04 15:00:25,634 - INFO - Added job "ScalpingStrategy.optimize_parameters" to job store "default"
2025-02-04 15:00:25,634 - INFO - Scheduler started
2025-02-04 15:00:25,645 - INFO - DWX INFO: {'type': 'INFO', 'time': '2025.02.04 12:00:25', 'message': 'Successfully subscribed to: XAUUSD'}
2025-02-04 15:00:27,577 - INFO - DWX INFO: {'type': 'INFO', 'time': '2025.02.04 12:00:27', 'message': 'Successfully subscribed to bar data: XAUUSD,M5'}
2025-02-04 15:00:27,578 - INFO - DWX INFO: {'type': 'INFO', 'time': '2025.02.04 12:00:27', 'message': 'Successfully read historic data for XAUUSD_M5.'}
2025-02-04 15:00:27,596 - INFO - Received historic data for XAUUSD M5
2025-02-04 15:05:00,016 - INFO - Running job "ScalpingStrategy.run_strategy (trigger: cron[day_of_week='mon-fri', hour='6-21', minute='*/5'], next run at: 2025-02-04 12:05:00 UTC)" (scheduled at 2025-02-04 12:05:00+00:00)
2025-02-04 15:05:00,019 - INFO - Job "ScalpingStrategy.run_strategy (trigger: cron[day_of_week='mon-fri', hour='6-21', minute='*/5'], next run at: 2025-02-04 12:05:00 UTC)" executed successfully
2025-02-04 15:10:00,014 - INFO - Running job "ScalpingStrategy.run_strategy (trigger: cron[day_of_week='mon-fri', hour='6-21', minute='*/5'], next run at: 2025-02-04 12:15:00 UTC)" (scheduled at 2025-02-04 12:10:00+00:00)
2025-02-04 15:10:00,015 - INFO - Job "ScalpingStrategy.run_strategy (trigger: cron[day_of_week='mon-fri', hour='6-21', minute='*/5'], next run at: 2025-02-04 12:15:00 UTC)" executed successfully
2025-02-04 15:15:00,004 - INFO - Running job "ScalpingStrategy.run_strategy (trigger: cron[day_of_week='mon-fri', hour='6-21', minute='*/5'], next run at: 2025-02-04 12:20:00 UTC)" (scheduled at 2025-02-04 12:15:00+00:00)
2025-02-04 15:15:00,006 - INFO - Job "ScalpingStrategy.run_strategy (trigger: cron[day_of_week='mon-fri', hour='6-21', minute='*/5'], next run at: 2025-02-04 12:20:00 UTC)" executed successfully
2025-02-04 15:20:00,003 - INFO - Running job "ScalpingStrategy.run_strategy (trigger: cron[day_of_week='mon-fri', hour='6-21', minute='*/5'], next run at: 2025-02-04 12:25:00 UTC)" (scheduled at 2025-02-04 12:20:00+00:00)
2025-02-04 15:20:00,007 - INFO - Job "ScalpingStrategy.run_strategy (trigger: cron[day_of_week='mon-fri', hour='6-21', minute='*/5'], next run at: 2025-02-04 12:25:00 UTC)" executed successfully
2025-02-04 15:25:00,001 - INFO - Running job "ScalpingStrategy.run_strategy (trigger: cron[day_of_week='mon-fri', hour='6-21', minute='*/5'], next run at: 2025-02-04 12:30:00 UTC)" (scheduled at 2025-02-04 12:25:00+00:00)
2025-02-04 15:25:00,005 - INFO - Job "ScalpingStrategy.run_strategy (trigger: cron[day_of_week='mon-fri', hour='6-21', minute='*/5'], next run at: 2025-02-04 12:30:00 UTC)" executed successfully
2025-02-04 15:30:00,005 - INFO - Running job "ScalpingStrategy.run_strategy (trigger: cron[day_of_week='mon-fri', hour='6-21', minute='*/5'], next run at: 2025-02-04 12:35:00 UTC)" (scheduled at 2025-02-04 12:30:00+00:00)
2025-02-04 15:30:00,016 - INFO - Job "ScalpingStrategy.run_strategy (trigger: cron[day_of_week='mon-fri', hour='6-21', minute='*/5'], next run at: 2025-02-04 12:35:00 UTC)" executed successfully
2025-02-04 15:35:00,008 - INFO - Running job "ScalpingStrategy.run_strategy (trigger: cron[day_of_week='mon-fri', hour='6-21', minute='*/5'], next run at: 2025-02-04 12:40:00 UTC)" (scheduled at 2025-02-04 12:35:00+00:00)
2025-02-04 15:35:00,025 - INFO - Job "ScalpingStrategy.run_strategy (trigger: cron[day_of_week='mon-fri', hour='6-21', minute='*/5'], next run at: 2025-02-04 12:40:00 UTC)" executed successfully
2025-02-04 15:40:00,008 - INFO - Running job "ScalpingStrategy.run_strategy (trigger: cron[day_of_week='mon-fri', hour='6-21', minute='*/5'], next run at: 2025-02-04 12:45:00 UTC)" (scheduled at 2025-02-04 12:40:00+00:00)
2025-02-04 15:40:00,017 - INFO - Job "ScalpingStrategy.run_strategy (trigger: cron[day_of_week='mon-fri', hour='6-21', minute='*/5'], next run at: 2025-02-04 12:45:00 UTC)" executed successfully
2025-02-04 15:45:00,011 - INFO - Running job "ScalpingStrategy.run_strategy (trigger: cron[day_of_week='mon-fri', hour='6-21', minute='*/5'], next run at: 2025-02-04 12:50:00 UTC)" (scheduled at 2025-02-04 12:45:00+00:00)
2025-02-04 15:45:00,019 - INFO - Job "ScalpingStrategy.run_strategy (trigger: cron[day_of_week='mon-fri', hour='6-21', minute='*/5'], next run at: 2025-02-04 12:50:00 UTC)" executed successfully
2025-02-04 15:50:00,003 - INFO - Running job "ScalpingStrategy.run_strategy (trigger: cron[day_of_week='mon-fri', hour='6-21', minute='*/5'], next run at: 2025-02-04 12:55:00 UTC)" (scheduled at 2025-02-04 12:50:00+00:00)
2025-02-04 15:50:00,013 - INFO - Job "ScalpingStrategy.run_strategy (trigger: cron[day_of_week='mon-fri', hour='6-21', minute='*/5'], next run at: 2025-02-04 12:55:00 UTC)" executed successfully
2025-02-04 15:55:00,004 - INFO - Running job "ScalpingStrategy.run_strategy (trigger: cron[day_of_week='mon-fri', hour='6-21', minute='*/5'], next run at: 2025-02-04 13:00:00 UTC)" (scheduled at 2025-02-04 12:55:00+00:00)
2025-02-04 15:55:00,012 - INFO - Job "ScalpingStrategy.run_strategy (trigger: cron[day_of_week='mon-fri', hour='6-21', minute='*/5'], next run at: 2025-02-04 13:00:00 UTC)" executed successfully
2025-02-04 16:00:00,005 - INFO - Running job "ScalpingStrategy.run_strategy (trigger: cron[day_of_week='mon-fri', hour='6-21', minute='*/5'], next run at: 2025-02-04 13:05:00 UTC)" (scheduled at 2025-02-04 13:00:00+00:00)
2025-02-04 16:00:00,014 - INFO - Job "ScalpingStrategy.run_strategy (trigger: cron[day_of_week='mon-fri', hour='6-21', minute='*/5'], next run at: 2025-02-04 13:05:00 UTC)" executed successfully
2025-02-04 16:05:00,007 - INFO - Running job "ScalpingStrategy.run_strategy (trigger: cron[day_of_week='mon-fri', hour='6-21', minute='*/5'], next run at: 2025-02-04 13:10:00 UTC)" (scheduled at 2025-02-04 13:05:00+00:00)
2025-02-04 16:05:00,017 - INFO - Job "ScalpingStrategy.run_strategy (trigger: cron[day_of_week='mon-fri', hour='6-21', minute='*/5'], next run at: 2025-02-04 13:10:00 UTC)" executed successfully
2025-02-04 16:10:00,008 - INFO - Running job "ScalpingStrategy.run_strategy (trigger: cron[day_of_week='mon-fri', hour='6-21', minute='*/5'], next run at: 2025-02-04 13:15:00 UTC)" (scheduled at 2025-02-04 13:10:00+00:00)
2025-02-04 16:10:00,016 - INFO - Job "ScalpingStrategy.run_strategy (trigger: cron[day_of_week='mon-fri', hour='6-21', minute='*/5'], next run at: 2025-02-04 13:15:00 UTC)" executed successfully
2025-02-04 16:15:00,067 - INFO - Running job "ScalpingStrategy.run_strategy (trigger: cron[day_of_week='mon-fri', hour='6-21', minute='*/5'], next run at: 2025-02-04 13:20:00 UTC)" (scheduled at 2025-02-04 13:15:00+00:00)
2025-02-04 16:15:00,085 - INFO - Job "ScalpingStrategy.run_strategy (trigger: cron[day_of_week='mon-fri', hour='6-21', minute='*/5'], next run at: 2025-02-04 13:20:00 UTC)" executed successfully
2025-02-04 16:20:00,017 - INFO - Running job "ScalpingStrategy.run_strategy (trigger: cron[day_of_week='mon-fri', hour='6-21', minute='*/5'], next run at: 2025-02-04 13:25:00 UTC)" (scheduled at 2025-02-04 13:20:00+00:00)
2025-02-04 16:20:00,027 - INFO - Job "ScalpingStrategy.run_strategy (trigger: cron[day_of_week='mon-fri', hour='6-21', minute='*/5'], next run at: 2025-02-04 13:25:00 UTC)" executed successfully
2025-02-04 16:25:00,010 - INFO - Running job "ScalpingStrategy.run_strategy (trigger: cron[day_of_week='mon-fri', hour='6-21', minute='*/5'], next run at: 2025-02-04 13:30:00 UTC)" (scheduled at 2025-02-04 13:25:00+00:00)
2025-02-04 16:25:00,018 - INFO - Job "ScalpingStrategy.run_strategy (trigger: cron[day_of_week='mon-fri', hour='6-21', minute='*/5'], next run at: 2025-02-04 13:30:00 UTC)" executed successfully
2025-02-04 16:30:00,012 - INFO - Running job "ScalpingStrategy.run_strategy (trigger: cron[day_of_week='mon-fri', hour='6-21', minute='*/5'], next run at: 2025-02-04 13:35:00 UTC)" (scheduled at 2025-02-04 13:30:00+00:00)
2025-02-04 16:30:00,020 - INFO - Job "ScalpingStrategy.run_strategy (trigger: cron[day_of_week='mon-fri', hour='6-21', minute='*/5'], next run at: 2025-02-04 13:35:00 UTC)" executed successfully
2025-02-04 16:35:00,021 - INFO - Running job "ScalpingStrategy.run_strategy (trigger: cron[day_of_week='mon-fri', hour='6-21', minute='*/5'], next run at: 2025-02-04 13:40:00 UTC)" (scheduled at 2025-02-04 13:35:00+00:00)
2025-02-04 16:35:00,028 - INFO - Job "ScalpingStrategy.run_strategy (trigger: cron[day_of_week='mon-fri', hour='6-21', minute='*/5'], next run at: 2025-02-04 13:40:00 UTC)" executed successfully
2025-02-04 16:40:00,016 - INFO - Running job "ScalpingStrategy.run_strategy (trigger: cron[day_of_week='mon-fri', hour='6-21', minute='*/5'], next run at: 2025-02-04 13:45:00 UTC)" (scheduled at 2025-02-04 13:40:00+00:00)
2025-02-04 16:40:00,017 - INFO - Job "ScalpingStrategy.run_strategy (trigger: cron[day_of_week='mon-fri', hour='6-21', minute='*/5'], next run at: 2025-02-04 13:45:00 UTC)" executed successfully
2025-02-04 16:45:00,016 - INFO - Running job "ScalpingStrategy.run_strategy (trigger: cron[day_of_week='mon-fri', hour='6-21', minute='*/5'], next run at: 2025-02-04 13:50:00 UTC)" (scheduled at 2025-02-04 13:45:00+00:00)
2025-02-04 16:45:00,016 - INFO - Job "ScalpingStrategy.run_strategy (trigger: cron[day_of_week='mon-fri', hour='6-21', minute='*/5'], next run at: 2025-02-04 13:50:00 UTC)" executed successfully
2025-02-04 16:50:00,008 - INFO - Running job "ScalpingStrategy.run_strategy (trigger: cron[day_of_week='mon-fri', hour='6-21', minute='*/5'], next run at: 2025-02-04 13:55:00 UTC)" (scheduled at 2025-02-04 13:50:00+00:00)
2025-02-04 16:50:00,010 - INFO - Job "ScalpingStrategy.run_strategy (trigger: cron[day_of_week='mon-fri', hour='6-21', minute='*/5'], next run at: 2025-02-04 13:55:00 UTC)" executed successfully
2025-02-04 16:55:00,011 - INFO - Running job "ScalpingStrategy.run_strategy (trigger: cron[day_of_week='mon-fri', hour='6-21', minute='*/5'], next run at: 2025-02-04 14:00:00 UTC)" (scheduled at 2025-02-04 13:55:00+00:00)
2025-02-04 16:55:00,013 - INFO - Job "ScalpingStrategy.run_strategy (trigger: cron[day_of_week='mon-fri', hour='6-21', minute='*/5'], next run at: 2025-02-04 14:00:00 UTC)" executed successfully
2025-02-04 17:00:00,006 - INFO - Running job "ScalpingStrategy.run_strategy (trigger: cron[day_of_week='mon-fri', hour='6-21', minute='*/5'], next run at: 2025-02-04 14:05:00 UTC)" (scheduled at 2025-02-04 14:00:00+00:00)
2025-02-04 17:00:00,012 - INFO - Job "ScalpingStrategy.run_strategy (trigger: cron[day_of_week='mon-fri', hour='6-21', minute='*/5'], next run at: 2025-02-04 14:05:00 UTC)" executed successfully
2025-02-04 17:05:00,022 - INFO - Running job "ScalpingStrategy.run_strategy (trigger: cron[day_of_week='mon-fri', hour='6-21', minute='*/5'], next run at: 2025-02-04 14:10:00 UTC)" (scheduled at 2025-02-04 14:05:00+00:00)
2025-02-04 17:05:00,029 - INFO - Job "ScalpingStrategy.run_strategy (trigger: cron[day_of_week='mon-fri', hour='6-21', minute='*/5'], next run at: 2025-02-04 14:10:00 UTC)" executed successfully
2025-02-04 17:10:00,005 - INFO - Running job "ScalpingStrategy.run_strategy (trigger: cron[day_of_week='mon-fri', hour='6-21', minute='*/5'], next run at: 2025-02-04 14:15:00 UTC)" (scheduled at 2025-02-04 14:10:00+00:00)
2025-02-04 17:10:00,009 - INFO - Job "ScalpingStrategy.run_strategy (trigger: cron[day_of_week='mon-fri', hour='6-21', minute='*/5'], next run at: 2025-02-04 14:15:00 UTC)" executed successfully
2025-02-04 17:15:00,010 - INFO - Running job "ScalpingStrategy.run_strategy (trigger: cron[day_of_week='mon-fri', hour='6-21', minute='*/5'], next run at: 2025-02-04 14:20:00 UTC)" (scheduled at 2025-02-04 14:15:00+00:00)
2025-02-04 17:15:00,024 - INFO - Job "ScalpingStrategy.run_strategy (trigger: cron[day_of_week='mon-fri', hour='6-21', minute='*/5'], next run at: 2025-02-04 14:20:00 UTC)" executed successfully
